Analysis & Synthesis report for 1
Tue Sep 24 20:18:42 2019
Quartus II 64-Bit Version 13.1.0 Build 162 10/23/2013 SJ Full Version


---------------------
; Table of Contents ;
---------------------
  1. Legal Notice
  2. Analysis & Synthesis Summary
  3. Analysis & Synthesis Settings
  4. Parallel Compilation
  5. Analysis & Synthesis Source Files Read
  6. Analysis & Synthesis Resource Usage Summary
  7. Analysis & Synthesis Resource Utilization by Entity
  8. Analysis & Synthesis RAM Summary
  9. Analysis & Synthesis IP Cores Summary
 10. General Register Statistics
 11. Inverted Register Statistics
 12. Multiplexer Restructuring Statistics (Restructuring Performed)
 13. Source assignments for rom2:inst3|altsyncram:altsyncram_component|altsyncram_c0t3:auto_generated|altsyncram_fft2:altsyncram1
 14. Parameter Settings for User Entity Instance: rom2:inst3|altsyncram:altsyncram_component
 15. Parameter Settings for User Entity Instance: upc:inst1|74161:inst1
 16. Parameter Settings for User Entity Instance: upc:inst1|74161:inst2
 17. altsyncram Parameter Settings by Entity Instance
 18. In-System Memory Content Editor Settings
 19. Elapsed Time Per Partition
 20. Analysis & Synthesis Messages



----------------
; Legal Notice ;
----------------
Copyright (C) 1991-2013 Altera Corporation
Your use of Altera Corporation's design tools, logic functions 
and other software and tools, and its AMPP partner logic 
functions, and any output files from any of the foregoing 
(including device programming or simulation files), and any 
associated documentation or information are expressly subject 
to the terms and conditions of the Altera Program License 
Subscription Agreement, Altera MegaCore Function License 
Agreement, or other applicable license agreement, including, 
without limitation, that your use is for the sole purpose of 
programming logic devices manufactured by Altera and sold by 
Altera or its authorized distributors.  Please refer to the 
applicable agreement for further details.



+----------------------------------------------------------------------------------+
; Analysis & Synthesis Summary                                                     ;
+------------------------------------+---------------------------------------------+
; Analysis & Synthesis Status        ; Successful - Tue Sep 24 20:18:42 2019       ;
; Quartus II 64-Bit Version          ; 13.1.0 Build 162 10/23/2013 SJ Full Version ;
; Revision Name                      ; 1                                           ;
; Top-level Entity Name              ; 1                                           ;
; Family                             ; Cyclone IV E                                ;
; Total logic elements               ; 279                                         ;
;     Total combinational functions  ; 238                                         ;
;     Dedicated logic registers      ; 163                                         ;
; Total registers                    ; 163                                         ;
; Total pins                         ; 18                                          ;
; Total virtual pins                 ; 0                                           ;
; Total memory bits                  ; 6,144                                       ;
; Embedded Multiplier 9-bit elements ; 0                                           ;
; Total PLLs                         ; 0                                           ;
+------------------------------------+---------------------------------------------+


+----------------------------------------------------------------------------------------------------------------------+
; Analysis & Synthesis Settings                                                                                        ;
+----------------------------------------------------------------------------+--------------------+--------------------+
; Option                                                                     ; Setting            ; Default Value      ;
+----------------------------------------------------------------------------+--------------------+--------------------+
; Device                                                                     ; EP4CE6E22C8        ;                    ;
; Top-level entity name                                                      ; 1                  ; 1                  ;
; Family name                                                                ; Cyclone IV E       ; Cyclone IV GX      ;
; Use smart compilation                                                      ; Off                ; Off                ;
; Enable parallel Assembler and TimeQuest Timing Analyzer during compilation ; On                 ; On                 ;
; Enable compact report table                                                ; Off                ; Off                ;
; Restructure Multiplexers                                                   ; Auto               ; Auto               ;
; Create Debugging Nodes for IP Cores                                        ; Off                ; Off                ;
; Preserve fewer node names                                                  ; On                 ; On                 ;
; Disable OpenCore Plus hardware evaluation                                  ; Off                ; Off                ;
; Verilog Version                                                            ; Verilog_2001       ; Verilog_2001       ;
; VHDL Version                                                               ; VHDL_1993          ; VHDL_1993          ;
; State Machine Processing                                                   ; Auto               ; Auto               ;
; Safe State Machine                                                         ; Off                ; Off                ;
; Extract Verilog State Machines                                             ; On                 ; On                 ;
; Extract VHDL State Machines                                                ; On                 ; On                 ;
; Ignore Verilog initial constructs                                          ; Off                ; Off                ;
; Iteration limit for constant Verilog loops                                 ; 5000               ; 5000               ;
; Iteration limit for non-constant Verilog loops                             ; 250                ; 250                ;
; Add Pass-Through Logic to Inferred RAMs                                    ; On                 ; On                 ;
; Infer RAMs from Raw Logic                                                  ; On                 ; On                 ;
; Parallel Synthesis                                                         ; On                 ; On                 ;
; DSP Block Balancing                                                        ; Auto               ; Auto               ;
; NOT Gate Push-Back                                                         ; On                 ; On                 ;
; Power-Up Don't Care                                                        ; On                 ; On                 ;
; Remove Redundant Logic Cells                                               ; Off                ; Off                ;
; Remove Duplicate Registers                                                 ; On                 ; On                 ;
; Ignore CARRY Buffers                                                       ; Off                ; Off                ;
; Ignore CASCADE Buffers                                                     ; Off                ; Off                ;
; Ignore GLOBAL Buffers                                                      ; Off                ; Off                ;
; Ignore ROW GLOBAL Buffers                                                  ; Off                ; Off                ;
; Ignore LCELL Buffers                                                       ; Off                ; Off                ;
; Ignore SOFT Buffers                                                        ; On                 ; On                 ;
; Limit AHDL Integers to 32 Bits                                             ; Off                ; Off                ;
; Optimization Technique                                                     ; Balanced           ; Balanced           ;
; Carry Chain Length                                                         ; 70                 ; 70                 ;
; Auto Carry Chains                                                          ; On                 ; On                 ;
; Auto Open-Drain Pins                                                       ; On                 ; On                 ;
; Perform WYSIWYG Primitive Resynthesis                                      ; Off                ; Off                ;
; Auto ROM Replacement                                                       ; On                 ; On                 ;
; Auto RAM Replacement                                                       ; On                 ; On                 ;
; Auto DSP Block Replacement                                                 ; On                 ; On                 ;
; Auto Shift Register Replacement                                            ; Auto               ; Auto               ;
; Allow Shift Register Merging across Hierarchies                            ; Auto               ; Auto               ;
; Auto Clock Enable Replacement                                              ; On                 ; On                 ;
; Strict RAM Replacement                                                     ; Off                ; Off                ;
; Allow Synchronous Control Signals                                          ; On                 ; On                 ;
; Force Use of Synchronous Clear Signals                                     ; Off                ; Off                ;
; Auto RAM Block Balancing                                                   ; On                 ; On                 ;
; Auto RAM to Logic Cell Conversion                                          ; Off                ; Off                ;
; Auto Resource Sharing                                                      ; Off                ; Off                ;
; Allow Any RAM Size For Recognition                                         ; Off                ; Off                ;
; Allow Any ROM Size For Recognition                                         ; Off                ; Off                ;
; Allow Any Shift Register Size For Recognition                              ; Off                ; Off                ;
; Use LogicLock Constraints during Resource Balancing                        ; On                 ; On                 ;
; Ignore translate_off and synthesis_off directives                          ; Off                ; Off                ;
; Timing-Driven Synthesis                                                    ; On                 ; On                 ;
; Report Parameter Settings                                                  ; On                 ; On                 ;
; Report Source Assignments                                                  ; On                 ; On                 ;
; Report Connectivity Checks                                                 ; On                 ; On                 ;
; Ignore Maximum Fan-Out Assignments                                         ; Off                ; Off                ;
; Synchronization Register Chain Length                                      ; 2                  ; 2                  ;
; PowerPlay Power Optimization                                               ; Normal compilation ; Normal compilation ;
; HDL message level                                                          ; Level2             ; Level2             ;
; Suppress Register Optimization Related Messages                            ; Off                ; Off                ;
; Number of Removed Registers Reported in Synthesis Report                   ; 5000               ; 5000               ;
; Number of Swept Nodes Reported in Synthesis Report                         ; 5000               ; 5000               ;
; Number of Inverted Registers Reported in Synthesis Report                  ; 100                ; 100                ;
; Clock MUX Protection                                                       ; On                 ; On                 ;
; Auto Gated Clock Conversion                                                ; Off                ; Off                ;
; Block Design Naming                                                        ; Auto               ; Auto               ;
; SDC constraint protection                                                  ; Off                ; Off                ;
; Synthesis Effort                                                           ; Auto               ; Auto               ;
; Shift Register Replacement - Allow Asynchronous Clear Signal               ; On                 ; On                 ;
; Pre-Mapping Resynthesis Optimization                                       ; Off                ; Off                ;
; Analysis & Synthesis Message Level                                         ; Medium             ; Medium             ;
; Disable Register Merging Across Hierarchies                                ; Auto               ; Auto               ;
; Resource Aware Inference For Block RAM                                     ; On                 ; On                 ;
; Synthesis Seed                                                             ; 1                  ; 1                  ;
+----------------------------------------------------------------------------+--------------------+--------------------+


+------------------------------------------+
; Parallel Compilation                     ;
+----------------------------+-------------+
; Processors                 ; Number      ;
+----------------------------+-------------+
; Number detected on machine ; 4           ;
; Maximum allowed            ; 2           ;
;                            ;             ;
; Average used               ; 1.00        ;
; Maximum used               ; 1           ;
;                            ;             ;
; Usage by Processor         ; % Time Used ;
;     Processor 1            ; 100.0%      ;
;     Processors 2-4         ;   0.0%      ;
+----------------------------+-------------+


+--------------------------------------------------------------------------------------------------------------------------------------------------------------------------+
; Analysis & Synthesis Source Files Read                                                                                                                                   ;
+----------------------------------+-----------------+------------------------------------+----------------------------------------------------------------------+---------+
; File Name with User-Entered Path ; Used in Netlist ; File Type                          ; File Name with Absolute Path                                         ; Library ;
+----------------------------------+-----------------+------------------------------------+----------------------------------------------------------------------+---------+
; 1.bdf                            ; yes             ; User Block Diagram/Schematic File  ; D:/GitHub/quartus/t1/1.bdf                                           ;         ;
; output_files/8bitAdder.bdf       ; yes             ; User Block Diagram/Schematic File  ; D:/GitHub/quartus/t1/output_files/8bitAdder.bdf                      ;         ;
; output_files/8bitAdderBus.bdf    ; yes             ; User Block Diagram/Schematic File  ; D:/GitHub/quartus/t1/output_files/8bitAdderBus.bdf                   ;         ;
; output_files/alu.bdf             ; yes             ; User Block Diagram/Schematic File  ; D:/GitHub/quartus/t1/output_files/alu.bdf                            ;         ;
; output_files/upc.bdf             ; yes             ; User Block Diagram/Schematic File  ; D:/GitHub/quartus/t1/output_files/upc.bdf                            ;         ;
; output_files/rom2/rom2.vhd       ; yes             ; User Wizard-Generated File         ; D:/GitHub/quartus/t1/output_files/rom2/rom2.vhd                      ;         ;
; 74273.bdf                        ; yes             ; Megafunction                       ; c:/altera/13.1/quartus/libraries/others/maxplus2/74273.bdf           ;         ;
; altsyncram.tdf                   ; yes             ; Megafunction                       ; c:/altera/13.1/quartus/libraries/megafunctions/altsyncram.tdf        ;         ;
; stratix_ram_block.inc            ; yes             ; Megafunction                       ; c:/altera/13.1/quartus/libraries/megafunctions/stratix_ram_block.inc ;         ;
; lpm_mux.inc                      ; yes             ; Megafunction                       ; c:/altera/13.1/quartus/libraries/megafunctions/lpm_mux.inc           ;         ;
; lpm_decode.inc                   ; yes             ; Megafunction                       ; c:/altera/13.1/quartus/libraries/megafunctions/lpm_decode.inc        ;         ;
; aglobal131.inc                   ; yes             ; Megafunction                       ; c:/altera/13.1/quartus/libraries/megafunctions/aglobal131.inc        ;         ;
; a_rdenreg.inc                    ; yes             ; Megafunction                       ; c:/altera/13.1/quartus/libraries/megafunctions/a_rdenreg.inc         ;         ;
; altrom.inc                       ; yes             ; Megafunction                       ; c:/altera/13.1/quartus/libraries/megafunctions/altrom.inc            ;         ;
; altram.inc                       ; yes             ; Megafunction                       ; c:/altera/13.1/quartus/libraries/megafunctions/altram.inc            ;         ;
; altdpram.inc                     ; yes             ; Megafunction                       ; c:/altera/13.1/quartus/libraries/megafunctions/altdpram.inc          ;         ;
; db/altsyncram_c0t3.tdf           ; yes             ; Auto-Generated Megafunction        ; D:/GitHub/quartus/t1/db/altsyncram_c0t3.tdf                          ;         ;
; db/altsyncram_fft2.tdf           ; yes             ; Auto-Generated Megafunction        ; D:/GitHub/quartus/t1/db/altsyncram_fft2.tdf                          ;         ;
; sld_mod_ram_rom.vhd              ; yes             ; Encrypted Megafunction             ; c:/altera/13.1/quartus/libraries/megafunctions/sld_mod_ram_rom.vhd   ;         ;
; sld_rom_sr.vhd                   ; yes             ; Encrypted Megafunction             ; c:/altera/13.1/quartus/libraries/megafunctions/sld_rom_sr.vhd        ;         ;
; 74161.tdf                        ; yes             ; Megafunction                       ; c:/altera/13.1/quartus/libraries/others/maxplus2/74161.tdf           ;         ;
; aglobal.inc                      ; yes             ; Megafunction                       ; c:/altera/13.1/quartus/libraries/megafunctions/aglobal.inc           ;         ;
; f74161.bdf                       ; yes             ; Megafunction                       ; c:/altera/13.1/quartus/libraries/others/maxplus2/f74161.bdf          ;         ;
; sld_hub.vhd                      ; yes             ; Encrypted Megafunction             ; c:/altera/13.1/quartus/libraries/megafunctions/sld_hub.vhd           ;         ;
; sld_jtag_hub.vhd                 ; yes             ; Encrypted Megafunction             ; c:/altera/13.1/quartus/libraries/megafunctions/sld_jtag_hub.vhd      ;         ;
+----------------------------------+-----------------+------------------------------------+----------------------------------------------------------------------+---------+


+------------------------------------------------------------------------+
; Analysis & Synthesis Resource Usage Summary                            ;
+---------------------------------------------+--------------------------+
; Resource                                    ; Usage                    ;
+---------------------------------------------+--------------------------+
; Estimated Total logic elements              ; 279                      ;
;                                             ;                          ;
; Total combinational functions               ; 238                      ;
; Logic element usage by number of LUT inputs ;                          ;
;     -- 4 input functions                    ; 107                      ;
;     -- 3 input functions                    ; 66                       ;
;     -- <=2 input functions                  ; 65                       ;
;                                             ;                          ;
; Logic elements by mode                      ;                          ;
;     -- normal mode                          ; 219                      ;
;     -- arithmetic mode                      ; 19                       ;
;                                             ;                          ;
; Total registers                             ; 163                      ;
;     -- Dedicated logic registers            ; 163                      ;
;     -- I/O registers                        ; 0                        ;
;                                             ;                          ;
; I/O pins                                    ; 18                       ;
; Total memory bits                           ; 6144                     ;
; Embedded Multiplier 9-bit elements          ; 0                        ;
; Maximum fan-out node                        ; altera_internal_jtag~TDO ;
; Maximum fan-out                             ; 179                      ;
; Total fan-out                               ; 1777                     ;
; Average fan-out                             ; 3.78                     ;
+---------------------------------------------+--------------------------+


+------------------------------------------------------------------------------------------------------------------------------------------------------------------------------------------------------------------------------------------------------------------------------------------------------------------------------------------------------------------+
; Analysis & Synthesis Resource Utilization by Entity                                                                                                                                                                                                                                                                                                              ;
+------------------------------------------------------------------------+-------------------+--------------+-------------+--------------+---------+-----------+------+--------------+--------------------------------------------------------------------------------------------------------------------------------------------------------------+--------------+
; Compilation Hierarchy Node                                             ; LC Combinationals ; LC Registers ; Memory Bits ; DSP Elements ; DSP 9x9 ; DSP 18x18 ; Pins ; Virtual Pins ; Full Hierarchy Name                                                                                                                                          ; Library Name ;
+------------------------------------------------------------------------+-------------------+--------------+-------------+--------------+---------+-----------+------+--------------+--------------------------------------------------------------------------------------------------------------------------------------------------------------+--------------+
; |1                                                                     ; 238 (1)           ; 163 (0)      ; 6144        ; 0            ; 0       ; 0         ; 18   ; 0            ; |1                                                                                                                                                           ; work         ;
;    |alu:inst|                                                          ; 37 (3)            ; 24 (0)       ; 0           ; 0            ; 0       ; 0         ; 0    ; 0            ; |1|alu:inst                                                                                                                                                  ; work         ;
;       |74273:inst1|                                                    ; 0 (0)             ; 8 (8)        ; 0           ; 0            ; 0       ; 0         ; 0    ; 0            ; |1|alu:inst|74273:inst1                                                                                                                                      ; work         ;
;       |74273:inst3|                                                    ; 0 (0)             ; 8 (8)        ; 0           ; 0            ; 0       ; 0         ; 0    ; 0            ; |1|alu:inst|74273:inst3                                                                                                                                      ; work         ;
;       |74273:inst|                                                     ; 0 (0)             ; 8 (8)        ; 0           ; 0            ; 0       ; 0         ; 0    ; 0            ; |1|alu:inst|74273:inst                                                                                                                                       ; work         ;
;       |8bitAdderBus:inst4|                                             ; 34 (0)            ; 0 (0)        ; 0           ; 0            ; 0       ; 0         ; 0    ; 0            ; |1|alu:inst|8bitAdderBus:inst4                                                                                                                               ; work         ;
;          |8bitAdder:inst|                                              ; 34 (34)           ; 0 (0)        ; 0           ; 0            ; 0       ; 0         ; 0    ; 0            ; |1|alu:inst|8bitAdderBus:inst4|8bitAdder:inst                                                                                                                ; work         ;
;    |rom2:inst3|                                                        ; 78 (0)            ; 51 (0)       ; 6144        ; 0            ; 0       ; 0         ; 0    ; 0            ; |1|rom2:inst3                                                                                                                                                ; work         ;
;       |altsyncram:altsyncram_component|                                ; 78 (0)            ; 51 (0)       ; 6144        ; 0            ; 0       ; 0         ; 0    ; 0            ; |1|rom2:inst3|altsyncram:altsyncram_component                                                                                                                ; work         ;
;          |altsyncram_c0t3:auto_generated|                              ; 78 (0)            ; 51 (0)       ; 6144        ; 0            ; 0       ; 0         ; 0    ; 0            ; |1|rom2:inst3|altsyncram:altsyncram_component|altsyncram_c0t3:auto_generated                                                                                 ; work         ;
;             |altsyncram_fft2:altsyncram1|                              ; 0 (0)             ; 0 (0)        ; 6144        ; 0            ; 0       ; 0         ; 0    ; 0            ; |1|rom2:inst3|altsyncram:altsyncram_component|altsyncram_c0t3:auto_generated|altsyncram_fft2:altsyncram1                                                     ; work         ;
;             |sld_mod_ram_rom:mgl_prim2|                                ; 78 (60)           ; 51 (43)      ; 0           ; 0            ; 0       ; 0         ; 0    ; 0            ; |1|rom2:inst3|altsyncram:altsyncram_component|altsyncram_c0t3:auto_generated|sld_mod_ram_rom:mgl_prim2                                                       ; work         ;
;                |sld_rom_sr:\ram_rom_logic_gen:no_name_gen:info_rom_sr| ; 18 (18)           ; 8 (8)        ; 0           ; 0            ; 0       ; 0         ; 0    ; 0            ; |1|rom2:inst3|altsyncram:altsyncram_component|altsyncram_c0t3:auto_generated|sld_mod_ram_rom:mgl_prim2|sld_rom_sr:\ram_rom_logic_gen:no_name_gen:info_rom_sr ; work         ;
;    |sld_hub:auto_hub|                                                  ; 112 (1)           ; 80 (0)       ; 0           ; 0            ; 0       ; 0         ; 0    ; 0            ; |1|sld_hub:auto_hub                                                                                                                                          ; work         ;
;       |sld_jtag_hub:\jtag_hub_gen:sld_jtag_hub_inst|                   ; 111 (74)          ; 80 (52)      ; 0           ; 0            ; 0       ; 0         ; 0    ; 0            ; |1|sld_hub:auto_hub|sld_jtag_hub:\jtag_hub_gen:sld_jtag_hub_inst                                                                                             ; work         ;
;          |sld_rom_sr:hub_info_reg|                                     ; 20 (20)           ; 9 (9)        ; 0           ; 0            ; 0       ; 0         ; 0    ; 0            ; |1|sld_hub:auto_hub|sld_jtag_hub:\jtag_hub_gen:sld_jtag_hub_inst|sld_rom_sr:hub_info_reg                                                                     ; work         ;
;          |sld_shadow_jsm:shadow_jsm|                                   ; 17 (17)           ; 19 (19)      ; 0           ; 0            ; 0       ; 0         ; 0    ; 0            ; |1|sld_hub:auto_hub|sld_jtag_hub:\jtag_hub_gen:sld_jtag_hub_inst|sld_shadow_jsm:shadow_jsm                                                                   ; work         ;
;    |upc:inst1|                                                         ; 10 (0)            ; 8 (0)        ; 0           ; 0            ; 0       ; 0         ; 0    ; 0            ; |1|upc:inst1                                                                                                                                                 ; work         ;
;       |74161:inst1|                                                    ; 4 (0)             ; 4 (0)        ; 0           ; 0            ; 0       ; 0         ; 0    ; 0            ; |1|upc:inst1|74161:inst1                                                                                                                                     ; work         ;
;          |f74161:sub|                                                  ; 4 (4)             ; 4 (4)        ; 0           ; 0            ; 0       ; 0         ; 0    ; 0            ; |1|upc:inst1|74161:inst1|f74161:sub                                                                                                                          ; work         ;
;       |74161:inst2|                                                    ; 6 (0)             ; 4 (0)        ; 0           ; 0            ; 0       ; 0         ; 0    ; 0            ; |1|upc:inst1|74161:inst2                                                                                                                                     ; work         ;
;          |f74161:sub|                                                  ; 6 (6)             ; 4 (4)        ; 0           ; 0            ; 0       ; 0         ; 0    ; 0            ; |1|upc:inst1|74161:inst2|f74161:sub                                                                                                                          ; work         ;
+------------------------------------------------------------------------+-------------------+--------------+-------------+--------------+---------+-----------+------+--------------+--------------------------------------------------------------------------------------------------------------------------------------------------------------+--------------+
Note: For table entries with two numbers listed, the numbers in parentheses indicate the number of resources of the given type used by the specific entity alone. The numbers listed outside of parentheses indicate the total resources of the given type used by the specific entity and all of its sub-entities in the hierarchy.


+------------------------------------------------------------------------------------------------------------------------------------------------------------------------------------------------------------------------+
; Analysis & Synthesis RAM Summary                                                                                                                                                                                       ;
+------------------------------------------------------------------------------------------------------------------+------+----------------+--------------+--------------+--------------+--------------+------+----------+
; Name                                                                                                             ; Type ; Mode           ; Port A Depth ; Port A Width ; Port B Depth ; Port B Width ; Size ; MIF      ;
+------------------------------------------------------------------------------------------------------------------+------+----------------+--------------+--------------+--------------+--------------+------+----------+
; rom2:inst3|altsyncram:altsyncram_component|altsyncram_c0t3:auto_generated|altsyncram_fft2:altsyncram1|ALTSYNCRAM ; AUTO ; True Dual Port ; 256          ; 24           ; 256          ; 24           ; 6144 ; ram1.mif ;
+------------------------------------------------------------------------------------------------------------------+------+----------------+--------------+--------------+--------------+--------------+------+----------+


+-----------------------------------------------------------------------------------------------------------------------------------+
; Analysis & Synthesis IP Cores Summary                                                                                             ;
+--------+--------------+---------+--------------+--------------+-----------------+-------------------------------------------------+
; Vendor ; IP Core Name ; Version ; Release Date ; License Type ; Entity Instance ; IP Include File                                 ;
+--------+--------------+---------+--------------+--------------+-----------------+-------------------------------------------------+
; Altera ; ROM: 1-PORT  ; 13.1    ; N/A          ; N/A          ; |1|rom2:inst3   ; D:/GitHub/quartus/t1/output_files/rom2/rom2.vhd ;
+--------+--------------+---------+--------------+--------------+-----------------+-------------------------------------------------+


+------------------------------------------------------+
; General Register Statistics                          ;
+----------------------------------------------+-------+
; Statistic                                    ; Value ;
+----------------------------------------------+-------+
; Total registers                              ; 163   ;
; Number of registers using Synchronous Clear  ; 12    ;
; Number of registers using Synchronous Load   ; 19    ;
; Number of registers using Asynchronous Clear ; 55    ;
; Number of registers using Asynchronous Load  ; 0     ;
; Number of registers using Clock Enable       ; 98    ;
; Number of registers using Preset             ; 0     ;
+----------------------------------------------+-------+


+----------------------------------------------------------------------------------------+
; Inverted Register Statistics                                                           ;
+------------------------------------------------------------------------------+---------+
; Inverted Register                                                            ; Fan out ;
+------------------------------------------------------------------------------+---------+
; sld_hub:auto_hub|sld_jtag_hub:\jtag_hub_gen:sld_jtag_hub_inst|tdo            ; 1       ;
; sld_hub:auto_hub|sld_jtag_hub:\jtag_hub_gen:sld_jtag_hub_inst|jtag_ir_reg[2] ; 2       ;
; sld_hub:auto_hub|sld_jtag_hub:\jtag_hub_gen:sld_jtag_hub_inst|jtag_ir_reg[1] ; 3       ;
; Total number of inverted registers = 3                                       ;         ;
+------------------------------------------------------------------------------+---------+


+--------------------------------------------------------------------------------------------------------------------------------------------------------------------------------------------------------------------------------------------------------------------------------------------+
; Multiplexer Restructuring Statistics (Restructuring Performed)                                                                                                                                                                                                                             ;
+--------------------+-----------+---------------+----------------------+------------------------+------------+------------------------------------------------------------------------------------------------------------------------------------------------------------------------------+
; Multiplexer Inputs ; Bus Width ; Baseline Area ; Area if Restructured ; Saving if Restructured ; Registered ; Example Multiplexer Output                                                                                                                                                   ;
+--------------------+-----------+---------------+----------------------+------------------------+------------+------------------------------------------------------------------------------------------------------------------------------------------------------------------------------+
; 3:1                ; 5 bits    ; 10 LEs        ; 5 LEs                ; 5 LEs                  ; Yes        ; |1|rom2:inst3|altsyncram:altsyncram_component|altsyncram_c0t3:auto_generated|sld_mod_ram_rom:mgl_prim2|ram_rom_data_shift_cntr_reg[3]                                        ;
; 3:1                ; 24 bits   ; 48 LEs        ; 24 LEs               ; 24 LEs                 ; Yes        ; |1|rom2:inst3|altsyncram:altsyncram_component|altsyncram_c0t3:auto_generated|sld_mod_ram_rom:mgl_prim2|ram_rom_data_reg[0]                                                   ;
; 3:1                ; 8 bits    ; 16 LEs        ; 8 LEs                ; 8 LEs                  ; Yes        ; |1|rom2:inst3|altsyncram:altsyncram_component|altsyncram_c0t3:auto_generated|sld_mod_ram_rom:mgl_prim2|ram_rom_addr_reg[1]                                                   ;
; 5:1                ; 4 bits    ; 12 LEs        ; 4 LEs                ; 8 LEs                  ; Yes        ; |1|rom2:inst3|altsyncram:altsyncram_component|altsyncram_c0t3:auto_generated|sld_mod_ram_rom:mgl_prim2|sld_rom_sr:\ram_rom_logic_gen:no_name_gen:info_rom_sr|word_counter[2] ;
; 16:1               ; 4 bits    ; 40 LEs        ; 24 LEs               ; 16 LEs                 ; Yes        ; |1|rom2:inst3|altsyncram:altsyncram_component|altsyncram_c0t3:auto_generated|sld_mod_ram_rom:mgl_prim2|sld_rom_sr:\ram_rom_logic_gen:no_name_gen:info_rom_sr|WORD_SR[0]      ;
; 3:1                ; 4 bits    ; 8 LEs         ; 4 LEs                ; 4 LEs                  ; Yes        ; |1|sld_hub:auto_hub|sld_jtag_hub:\jtag_hub_gen:sld_jtag_hub_inst|hub_minor_ver_reg[0]                                                                                        ;
; 4:1                ; 5 bits    ; 10 LEs        ; 5 LEs                ; 5 LEs                  ; Yes        ; |1|sld_hub:auto_hub|sld_jtag_hub:\jtag_hub_gen:sld_jtag_hub_inst|mixer_addr_reg[4]                                                                                           ;
; 5:1                ; 5 bits    ; 15 LEs        ; 5 LEs                ; 10 LEs                 ; Yes        ; |1|sld_hub:auto_hub|sld_jtag_hub:\jtag_hub_gen:sld_jtag_hub_inst|sld_rom_sr:hub_info_reg|word_counter[1]                                                                     ;
; 6:1                ; 4 bits    ; 16 LEs        ; 4 LEs                ; 12 LEs                 ; Yes        ; |1|sld_hub:auto_hub|sld_jtag_hub:\jtag_hub_gen:sld_jtag_hub_inst|irsr_reg[2]                                                                                                 ;
; 34:1               ; 4 bits    ; 88 LEs        ; 64 LEs               ; 24 LEs                 ; Yes        ; |1|sld_hub:auto_hub|sld_jtag_hub:\jtag_hub_gen:sld_jtag_hub_inst|design_hash_reg[3]                                                                                          ;
; 20:1               ; 4 bits    ; 52 LEs        ; 32 LEs               ; 20 LEs                 ; Yes        ; |1|sld_hub:auto_hub|sld_jtag_hub:\jtag_hub_gen:sld_jtag_hub_inst|sld_rom_sr:hub_info_reg|WORD_SR[1]                                                                          ;
+--------------------+-----------+---------------+----------------------+------------------------+------------+------------------------------------------------------------------------------------------------------------------------------------------------------------------------------+


+------------------------------------------------------------------------------------------------------------------------------+
; Source assignments for rom2:inst3|altsyncram:altsyncram_component|altsyncram_c0t3:auto_generated|altsyncram_fft2:altsyncram1 ;
+---------------------------------+--------------------+------+----------------------------------------------------------------+
; Assignment                      ; Value              ; From ; To                                                             ;
+---------------------------------+--------------------+------+----------------------------------------------------------------+
; OPTIMIZE_POWER_DURING_SYNTHESIS ; NORMAL_COMPILATION ; -    ; -                                                              ;
+---------------------------------+--------------------+------+----------------------------------------------------------------+


+-----------------------------------------------------------------------------------------+
; Parameter Settings for User Entity Instance: rom2:inst3|altsyncram:altsyncram_component ;
+------------------------------------+----------------------+-----------------------------+
; Parameter Name                     ; Value                ; Type                        ;
+------------------------------------+----------------------+-----------------------------+
; BYTE_SIZE_BLOCK                    ; 8                    ; Untyped                     ;
; AUTO_CARRY_CHAINS                  ; ON                   ; AUTO_CARRY                  ;
; IGNORE_CARRY_BUFFERS               ; OFF                  ; IGNORE_CARRY                ;
; AUTO_CASCADE_CHAINS                ; ON                   ; AUTO_CASCADE                ;
; IGNORE_CASCADE_BUFFERS             ; OFF                  ; IGNORE_CASCADE              ;
; WIDTH_BYTEENA                      ; 1                    ; Untyped                     ;
; OPERATION_MODE                     ; ROM                  ; Untyped                     ;
; WIDTH_A                            ; 24                   ; Signed Integer              ;
; WIDTHAD_A                          ; 8                    ; Signed Integer              ;
; NUMWORDS_A                         ; 256                  ; Signed Integer              ;
; OUTDATA_REG_A                      ; CLOCK0               ; Untyped                     ;
; ADDRESS_ACLR_A                     ; NONE                 ; Untyped                     ;
; OUTDATA_ACLR_A                     ; NONE                 ; Untyped                     ;
; WRCONTROL_ACLR_A                   ; NONE                 ; Untyped                     ;
; INDATA_ACLR_A                      ; NONE                 ; Untyped                     ;
; BYTEENA_ACLR_A                     ; NONE                 ; Untyped                     ;
; WIDTH_B                            ; 1                    ; Signed Integer              ;
; WIDTHAD_B                          ; 1                    ; Signed Integer              ;
; NUMWORDS_B                         ; 0                    ; Signed Integer              ;
; INDATA_REG_B                       ; CLOCK1               ; Untyped                     ;
; WRCONTROL_WRADDRESS_REG_B          ; CLOCK1               ; Untyped                     ;
; RDCONTROL_REG_B                    ; CLOCK1               ; Untyped                     ;
; ADDRESS_REG_B                      ; CLOCK1               ; Untyped                     ;
; OUTDATA_REG_B                      ; UNREGISTERED         ; Untyped                     ;
; BYTEENA_REG_B                      ; CLOCK1               ; Untyped                     ;
; INDATA_ACLR_B                      ; NONE                 ; Untyped                     ;
; WRCONTROL_ACLR_B                   ; NONE                 ; Untyped                     ;
; ADDRESS_ACLR_B                     ; NONE                 ; Untyped                     ;
; OUTDATA_ACLR_B                     ; NONE                 ; Untyped                     ;
; RDCONTROL_ACLR_B                   ; NONE                 ; Untyped                     ;
; BYTEENA_ACLR_B                     ; NONE                 ; Untyped                     ;
; WIDTH_BYTEENA_A                    ; 1                    ; Signed Integer              ;
; WIDTH_BYTEENA_B                    ; 1                    ; Signed Integer              ;
; RAM_BLOCK_TYPE                     ; AUTO                 ; Untyped                     ;
; BYTE_SIZE                          ; 8                    ; Signed Integer              ;
; READ_DURING_WRITE_MODE_MIXED_PORTS ; DONT_CARE            ; Untyped                     ;
; READ_DURING_WRITE_MODE_PORT_A      ; NEW_DATA_NO_NBE_READ ; Untyped                     ;
; READ_DURING_WRITE_MODE_PORT_B      ; NEW_DATA_NO_NBE_READ ; Untyped                     ;
; INIT_FILE                          ; ram1.mif             ; Untyped                     ;
; INIT_FILE_LAYOUT                   ; PORT_A               ; Untyped                     ;
; MAXIMUM_DEPTH                      ; 0                    ; Signed Integer              ;
; CLOCK_ENABLE_INPUT_A               ; BYPASS               ; Untyped                     ;
; CLOCK_ENABLE_INPUT_B               ; NORMAL               ; Untyped                     ;
; CLOCK_ENABLE_OUTPUT_A              ; BYPASS               ; Untyped                     ;
; CLOCK_ENABLE_OUTPUT_B              ; NORMAL               ; Untyped                     ;
; CLOCK_ENABLE_CORE_A                ; USE_INPUT_CLKEN      ; Untyped                     ;
; CLOCK_ENABLE_CORE_B                ; USE_INPUT_CLKEN      ; Untyped                     ;
; ENABLE_ECC                         ; FALSE                ; Untyped                     ;
; ECC_PIPELINE_STAGE_ENABLED         ; FALSE                ; Untyped                     ;
; WIDTH_ECCSTATUS                    ; 3                    ; Signed Integer              ;
; DEVICE_FAMILY                      ; Cyclone IV E         ; Untyped                     ;
; CBXI_PARAMETER                     ; altsyncram_c0t3      ; Untyped                     ;
+------------------------------------+----------------------+-----------------------------+
Note: In order to hide this table in the UI and the text report file, please set the "Show Parameter Settings in Synthesis Report" option in "Analysis and Synthesis Settings -> More Settings" to "Off".


+--------------------------------------------------------------------+
; Parameter Settings for User Entity Instance: upc:inst1|74161:inst1 ;
+------------------------+--------------+----------------------------+
; Parameter Name         ; Value        ; Type                       ;
+------------------------+--------------+----------------------------+
; DEVICE_FAMILY          ; Cyclone IV E ; Untyped                    ;
; AUTO_CARRY_CHAINS      ; ON           ; AUTO_CARRY                 ;
; IGNORE_CARRY_BUFFERS   ; OFF          ; IGNORE_CARRY               ;
; AUTO_CASCADE_CHAINS    ; ON           ; AUTO_CASCADE               ;
; IGNORE_CASCADE_BUFFERS ; OFF          ; IGNORE_CASCADE             ;
+------------------------+--------------+----------------------------+
Note: In order to hide this table in the UI and the text report file, please set the "Show Parameter Settings in Synthesis Report" option in "Analysis and Synthesis Settings -> More Settings" to "Off".


+--------------------------------------------------------------------+
; Parameter Settings for User Entity Instance: upc:inst1|74161:inst2 ;
+------------------------+--------------+----------------------------+
; Parameter Name         ; Value        ; Type                       ;
+------------------------+--------------+----------------------------+
; DEVICE_FAMILY          ; Cyclone IV E ; Untyped                    ;
; AUTO_CARRY_CHAINS      ; ON           ; AUTO_CARRY                 ;
; IGNORE_CARRY_BUFFERS   ; OFF          ; IGNORE_CARRY               ;
; AUTO_CASCADE_CHAINS    ; ON           ; AUTO_CASCADE               ;
; IGNORE_CASCADE_BUFFERS ; OFF          ; IGNORE_CASCADE             ;
+------------------------+--------------+----------------------------+
Note: In order to hide this table in the UI and the text report file, please set the "Show Parameter Settings in Synthesis Report" option in "Analysis and Synthesis Settings -> More Settings" to "Off".


+----------------------------------------------------------------------------------------+
; altsyncram Parameter Settings by Entity Instance                                       ;
+-------------------------------------------+--------------------------------------------+
; Name                                      ; Value                                      ;
+-------------------------------------------+--------------------------------------------+
; Number of entity instances                ; 1                                          ;
; Entity Instance                           ; rom2:inst3|altsyncram:altsyncram_component ;
;     -- OPERATION_MODE                     ; ROM                                        ;
;     -- WIDTH_A                            ; 24                                         ;
;     -- NUMWORDS_A                         ; 256                                        ;
;     -- OUTDATA_REG_A                      ; CLOCK0                                     ;
;     -- WIDTH_B                            ; 1                                          ;
;     -- NUMWORDS_B                         ; 0                                          ;
;     -- ADDRESS_REG_B                      ; CLOCK1                                     ;
;     -- OUTDATA_REG_B                      ; UNREGISTERED                               ;
;     -- RAM_BLOCK_TYPE                     ; AUTO                                       ;
;     -- READ_DURING_WRITE_MODE_MIXED_PORTS ; DONT_CARE                                  ;
+-------------------------------------------+--------------------------------------------+


+---------------------------------------------------------------------------------------------------------------------------------------+
; In-System Memory Content Editor Settings                                                                                              ;
+----------------+-------------+-------+-------+------------+---------------------------------------------------------------------------+
; Instance Index ; Instance ID ; Width ; Depth ; Mode       ; Hierarchy Location                                                        ;
+----------------+-------------+-------+-------+------------+---------------------------------------------------------------------------+
; 0              ; NONE        ; 24    ; 256   ; Read/Write ; rom2:inst3|altsyncram:altsyncram_component|altsyncram_c0t3:auto_generated ;
+----------------+-------------+-------+-------+------------+---------------------------------------------------------------------------+


+---------------------------------+
; Elapsed Time Per Partition      ;
+------------------+--------------+
; Partition Name   ; Elapsed Time ;
+------------------+--------------+
; Top              ; 00:00:00     ;
; sld_hub:auto_hub ; 00:00:00     ;
+------------------+--------------+


+-------------------------------+
; Analysis & Synthesis Messages ;
+-------------------------------+
Info: *******************************************************************
Info: Running Quartus II 64-Bit Analysis & Synthesis
    Info: Version 13.1.0 Build 162 10/23/2013 SJ Full Version
    Info: Processing started: Tue Sep 24 20:18:37 2019
Info: Command: quartus_map --read_settings_files=on --write_settings_files=off 1 -c 1
Info (11104): Parallel Compilation has detected 4 hyper-threaded processors. However, the extra hyper-threaded processors will not be used by default. Parallel Compilation will use 2 of the 2 physical processors detected instead.
Info (12021): Found 1 design units, including 1 entities, in source file 1.bdf
    Info (12023): Found entity 1: 1
Info (12021): Found 1 design units, including 1 entities, in source file output_files/8bitadder.bdf
    Info (12023): Found entity 1: 8bitAdder
Info (12021): Found 1 design units, including 1 entities, in source file output_files/8bitadderbus.bdf
    Info (12023): Found entity 1: 8bitAdderBus
Info (12021): Found 1 design units, including 1 entities, in source file output_files/alu.bdf
    Info (12023): Found entity 1: alu
Info (12021): Found 1 design units, including 1 entities, in source file output_files/upc.bdf
    Info (12023): Found entity 1: upc
Info (12021): Found 1 design units, including 1 entities, in source file output_files/uir.bdf
    Info (12023): Found entity 1: uir
Info (12021): Found 1 design units, including 1 entities, in source file output_files/backup.bdf
    Info (12023): Found entity 1: backup
Info (12021): Found 2 design units, including 1 entities, in source file output_files/rom2/rom2.vhd
    Info (12022): Found design unit 1: rom2-SYN
    Info (12023): Found entity 1: rom2
Info (12127): Elaborating entity "1" for the top level hierarchy
Info (12128): Elaborating entity "alu" for hierarchy "alu:inst"
Warning (275011): Block or symbol "AND2" of instance "inst5" overlaps another block or symbol
Info (12128): Elaborating entity "74273" for hierarchy "alu:inst|74273:inst"
Info (12130): Elaborated megafunction instantiation "alu:inst|74273:inst"
Info (12128): Elaborating entity "8bitAdderBus" for hierarchy "alu:inst|8bitAdderBus:inst4"
Info (12128): Elaborating entity "8bitAdder" for hierarchy "alu:inst|8bitAdderBus:inst4|8bitAdder:inst"
Warning (275011): Block or symbol "AND2" of instance "inst26" overlaps another block or symbol
Warning (275011): Block or symbol "AND4" of instance "inst28" overlaps another block or symbol
Warning (275011): Block or symbol "AND6" of instance "inst30" overlaps another block or symbol
Warning (275011): Block or symbol "AND8" of instance "inst32" overlaps another block or symbol
Warning (275011): Block or symbol "AND2" of instance "inst43" overlaps another block or symbol
Warning (275011): Block or symbol "AND4" of instance "inst45" overlaps another block or symbol
Warning (275011): Block or symbol "AND6" of instance "inst47" overlaps another block or symbol
Warning (275011): Block or symbol "AND12" of instance "inst49" overlaps another block or symbol
Info (12128): Elaborating entity "rom2" for hierarchy "rom2:inst3"
Info (12128): Elaborating entity "altsyncram" for hierarchy "rom2:inst3|altsyncram:altsyncram_component"
Info (12130): Elaborated megafunction instantiation "rom2:inst3|altsyncram:altsyncram_component"
Info (12133): Instantiated megafunction "rom2:inst3|altsyncram:altsyncram_component" with the following parameter:
    Info (12134): Parameter "address_aclr_a" = "NONE"
    Info (12134): Parameter "address_aclr_b" = "NONE"
    Info (12134): Parameter "address_reg_b" = "CLOCK1"
    Info (12134): Parameter "byte_size" = "8"
    Info (12134): Parameter "byteena_aclr_a" = "UNUSED"
    Info (12134): Parameter "byteena_aclr_b" = "NONE"
    Info (12134): Parameter "byteena_reg_b" = "CLOCK1"
    Info (12134): Parameter "clock_enable_core_a" = "USE_INPUT_CLKEN"
    Info (12134): Parameter "clock_enable_core_b" = "USE_INPUT_CLKEN"
    Info (12134): Parameter "clock_enable_input_a" = "BYPASS"
    Info (12134): Parameter "clock_enable_input_b" = "NORMAL"
    Info (12134): Parameter "clock_enable_output_a" = "BYPASS"
    Info (12134): Parameter "clock_enable_output_b" = "NORMAL"
    Info (12134): Parameter "intended_device_family" = "Cyclone IV E"
    Info (12134): Parameter "ecc_pipeline_stage_enabled" = "FALSE"
    Info (12134): Parameter "enable_ecc" = "FALSE"
    Info (12134): Parameter "implement_in_les" = "OFF"
    Info (12134): Parameter "indata_aclr_a" = "UNUSED"
    Info (12134): Parameter "indata_aclr_b" = "NONE"
    Info (12134): Parameter "indata_reg_b" = "CLOCK1"
    Info (12134): Parameter "init_file" = "ram1.mif"
    Info (12134): Parameter "init_file_layout" = "PORT_A"
    Info (12134): Parameter "maximum_depth" = "0"
    Info (12134): Parameter "numwords_a" = "256"
    Info (12134): Parameter "numwords_b" = "0"
    Info (12134): Parameter "operation_mode" = "ROM"
    Info (12134): Parameter "outdata_aclr_a" = "NONE"
    Info (12134): Parameter "outdata_aclr_b" = "NONE"
    Info (12134): Parameter "outdata_reg_a" = "CLOCK0"
    Info (12134): Parameter "outdata_reg_b" = "UNREGISTERED"
    Info (12134): Parameter "power_up_uninitialized" = "FALSE"
    Info (12134): Parameter "ram_block_type" = "AUTO"
    Info (12134): Parameter "rdcontrol_aclr_b" = "NONE"
    Info (12134): Parameter "rdcontrol_reg_b" = "CLOCK1"
    Info (12134): Parameter "read_during_write_mode_mixed_ports" = "DONT_CARE"
    Info (12134): Parameter "read_during_write_mode_port_a" = "NEW_DATA_NO_NBE_READ"
    Info (12134): Parameter "read_during_write_mode_port_b" = "NEW_DATA_NO_NBE_READ"
    Info (12134): Parameter "stratixiv_m144k_allow_dual_clocks" = "ON"
    Info (12134): Parameter "width_a" = "24"
    Info (12134): Parameter "width_b" = "1"
    Info (12134): Parameter "width_byteena_a" = "1"
    Info (12134): Parameter "width_byteena_b" = "1"
    Info (12134): Parameter "width_eccstatus" = "3"
    Info (12134): Parameter "widthad_a" = "8"
    Info (12134): Parameter "widthad_b" = "1"
    Info (12134): Parameter "wrcontrol_aclr_a" = "UNUSED"
    Info (12134): Parameter "wrcontrol_aclr_b" = "NONE"
    Info (12134): Parameter "wrcontrol_wraddress_reg_b" = "CLOCK1"
    Info (12134): Parameter "lpm_hint" = "ENABLE_RUNTIME_MOD=YES,INSTANCE_NAME=NONE"
    Info (12134): Parameter "lpm_type" = "altsyncram"
Info (12021): Found 1 design units, including 1 entities, in source file db/altsyncram_c0t3.tdf
    Info (12023): Found entity 1: altsyncram_c0t3
Info (12128): Elaborating entity "altsyncram_c0t3" for hierarchy "rom2:inst3|altsyncram:altsyncram_component|altsyncram_c0t3:auto_generated"
Info (12021): Found 1 design units, including 1 entities, in source file db/altsyncram_fft2.tdf
    Info (12023): Found entity 1: altsyncram_fft2
Info (12128): Elaborating entity "altsyncram_fft2" for hierarchy "rom2:inst3|altsyncram:altsyncram_component|altsyncram_c0t3:auto_generated|altsyncram_fft2:altsyncram1"
Info (12128): Elaborating entity "sld_mod_ram_rom" for hierarchy "rom2:inst3|altsyncram:altsyncram_component|altsyncram_c0t3:auto_generated|sld_mod_ram_rom:mgl_prim2"
Info (12130): Elaborated megafunction instantiation "rom2:inst3|altsyncram:altsyncram_component|altsyncram_c0t3:auto_generated|sld_mod_ram_rom:mgl_prim2"
Info (12133): Instantiated megafunction "rom2:inst3|altsyncram:altsyncram_component|altsyncram_c0t3:auto_generated|sld_mod_ram_rom:mgl_prim2" with the following parameter:
    Info (12134): Parameter "CVALUE" = "000000000000000000000000"
    Info (12134): Parameter "IS_DATA_IN_RAM" = "1"
    Info (12134): Parameter "IS_READABLE" = "1"
    Info (12134): Parameter "NODE_NAME" = "0"
    Info (12134): Parameter "NUMWORDS" = "256"
    Info (12134): Parameter "SHIFT_COUNT_BITS" = "5"
    Info (12134): Parameter "WIDTH_WORD" = "24"
    Info (12134): Parameter "WIDTHAD" = "8"
Info (12128): Elaborating entity "sld_rom_sr" for hierarchy "rom2:inst3|altsyncram:altsyncram_component|altsyncram_c0t3:auto_generated|sld_mod_ram_rom:mgl_prim2|sld_rom_sr:\ram_rom_logic_gen:no_name_gen:info_rom_sr"
Info (12128): Elaborating entity "upc" for hierarchy "upc:inst1"
Info (12128): Elaborating entity "74161" for hierarchy "upc:inst1|74161:inst1"
Info (12130): Elaborated megafunction instantiation "upc:inst1|74161:inst1"
Info (12128): Elaborating entity "f74161" for hierarchy "upc:inst1|74161:inst1|f74161:sub"
Info (12131): Elaborated megafunction instantiation "upc:inst1|74161:inst1|f74161:sub", which is child of megafunction instantiation "upc:inst1|74161:inst1"
Info (12128): Elaborating entity "74161" for hierarchy "upc:inst1|74161:inst2"
Info (12130): Elaborated megafunction instantiation "upc:inst1|74161:inst2"
Info (13014): Ignored 39 buffer(s)
    Info (13015): Ignored 8 CARRY buffer(s)
    Info (13019): Ignored 31 SOFT buffer(s)
Info (286031): Timing-Driven Synthesis is running on partition "Top"
Info (13000): Registers with preset signals will power-up high
Info (13003): DEV_CLRn pin will set, and not reset, register with preset signal due to NOT Gate Push-Back
Warning (13024): Output pins are stuck at VCC or GND
    Warning (13410): Pin "sld_hub:auto_hub|receive[0][0]" is stuck at GND
Info (286031): Timing-Driven Synthesis is running on partition "sld_hub:auto_hub"
Info (16010): Generating hard_block partition "hard_block:auto_generated_inst"
    Info (16011): Adding 0 node(s), including 0 DDIO, 0 PLL, 0 transceiver and 0 LCELL
Info (21057): Implemented 329 device resources after synthesis - the final resource count might be different
    Info (21058): Implemented 5 input pins
    Info (21059): Implemented 17 output pins
    Info (21061): Implemented 282 logic cells
    Info (21064): Implemented 24 RAM segments
Info: Quartus II 64-Bit Analysis & Synthesis was successful. 0 errors, 11 warnings
    Info: Peak virtual memory: 4688 megabytes
    Info: Processing ended: Tue Sep 24 20:18:42 2019
    Info: Elapsed time: 00:00:05
    Info: Total CPU time (on all processors): 00:00:05


