Flow report for cpu
Fri Nov 08 18:37:05 2019
Quartus II 64-Bit Version 13.1.0 Build 162 10/23/2013 SJ Full Version


---------------------
; Table of Contents ;
---------------------
  1. Legal Notice
  2. Flow Summary
  3. Flow Settings
  4. Flow Non-Default Global Settings
  5. Flow Elapsed Time
  6. Flow OS Summary
  7. Flow Log
  8. Flow Messages
  9. Flow Suppressed Messages



----------------
; Legal Notice ;
----------------
Copyright (C) 1991-2013 Altera Corporation
Your use of Altera Corporation's design tools, logic functions 
and other software and tools, and its AMPP partner logic 
functions, and any output files from any of the foregoing 
(including device programming or simulation files), and any 
associated documentation or information are expressly subject 
to the terms and conditions of the Altera Program License 
Subscription Agreement, Altera MegaCore Function License 
Agreement, or other applicable license agreement, including, 
without limitation, that your use is for the sole purpose of 
programming logic devices manufactured by Altera and sold by 
Altera or its authorized distributors.  Please refer to the 
applicable agreement for further details.



+----------------------------------------------------------------------------------+
; Flow Summary                                                                     ;
+------------------------------------+---------------------------------------------+
; Flow Status                        ; Successful - Fri Nov 08 18:37:05 2019       ;
; Quartus II 64-Bit Version          ; 13.1.0 Build 162 10/23/2013 SJ Full Version ;
; Revision Name                      ; cpu                                         ;
; Top-level Entity Name              ; cpu                                         ;
; Family                             ; Cyclone IV E                                ;
; Device                             ; EP4CE6E22C8                                 ;
; Timing Models                      ; Final                                       ;
; Total logic elements               ; 1,608 / 6,272 ( 26 % )                      ;
;     Total combinational functions  ; 1,193 / 6,272 ( 19 % )                      ;
;     Dedicated logic registers      ; 1,093 / 6,272 ( 17 % )                      ;
; Total registers                    ; 1093                                        ;
; Total pins                         ; 14 / 92 ( 15 % )                            ;
; Total virtual pins                 ; 123                                         ;
; Total memory bits                  ; 12,928 / 276,480 ( 5 % )                    ;
; Embedded Multiplier 9-bit elements ; 0 / 30 ( 0 % )                              ;
; Total PLLs                         ; 0 / 2 ( 0 % )                               ;
+------------------------------------+---------------------------------------------+


+-----------------------------------------+
; Flow Settings                           ;
+-------------------+---------------------+
; Option            ; Setting             ;
+-------------------+---------------------+
; Start date & time ; 10/25/2019 19:13:24 ;
; Main task         ; Compilation         ;
; Revision Name     ; cpu                 ;
+-------------------+---------------------+


+----------------------------------------------------------------------------------------------------------------------------+
; Flow Non-Default Global Settings                                                                                           ;
+-------------------------------------+---------------------------------------+---------------+-------------+----------------+
; Assignment Name                     ; Value                                 ; Default Value ; Entity Name ; Section Id     ;
+-------------------------------------+---------------------------------------+---------------+-------------+----------------+
; COMPILER_SIGNATURE_ID               ; 207273073142657.157200200421580       ; --            ; --          ; --             ;
; EDA_GENERATE_FUNCTIONAL_NETLIST     ; On                                    ; --            ; --          ; eda_simulation ;
; EDA_NETLIST_WRITER_OUTPUT_DIR       ; D:/GitHub/quartus/t3/simulation/qsim/ ; --            ; --          ; eda_simulation ;
; EDA_OUTPUT_DATA_FORMAT              ; Verilog Hdl                           ; --            ; --          ; eda_simulation ;
; EDA_SIMULATION_TOOL                 ; ModelSim-Altera (Verilog)             ; <None>        ; --          ; --             ;
; EDA_TIME_SCALE                      ; 1 ps                                  ; --            ; --          ; eda_simulation ;
; MAX_CORE_JUNCTION_TEMP              ; 85                                    ; --            ; --          ; --             ;
; MIN_CORE_JUNCTION_TEMP              ; 0                                     ; --            ; --          ; --             ;
; PARTITION_COLOR                     ; 16764057                              ; --            ; --          ; Top            ;
; PARTITION_FITTER_PRESERVATION_LEVEL ; PLACEMENT_AND_ROUTING                 ; --            ; --          ; Top            ;
; PARTITION_NETLIST_TYPE              ; SOURCE                                ; --            ; --          ; Top            ;
+-------------------------------------+---------------------------------------+---------------+-------------+----------------+


+-------------------------------------------------------------------------------------------------------------------------------+
; Flow Elapsed Time                                                                                                             ;
+---------------------------+--------------+-------------------------+---------------------+------------------------------------+
; Module Name               ; Elapsed Time ; Average Processors Used ; Peak Virtual Memory ; Total CPU Time (on all processors) ;
+---------------------------+--------------+-------------------------+---------------------+------------------------------------+
; Analysis & Synthesis      ; 00:00:05     ; 1.0                     ; 4692 MB             ; 00:00:05                           ;
; Fitter                    ; 00:00:07     ; 1.3                     ; 5208 MB             ; 00:00:07                           ;
; Assembler                 ; 00:00:02     ; 1.0                     ; 4593 MB             ; 00:00:01                           ;
; TimeQuest Timing Analyzer ; 00:00:02     ; 2.0                     ; 4658 MB             ; 00:00:02                           ;
; EDA Netlist Writer        ; 00:00:01     ; 1.0                     ; 4556 MB             ; 00:00:01                           ;
; Analysis & Synthesis      ; 00:00:09     ; 1.4                     ; 4717 MB             ; 00:00:11                           ;
; Partition Merge           ; 00:00:01     ; 1.0                     ; 4659 MB             ; 00:00:01                           ;
; Fitter                    ; 00:00:07     ; 1.2                     ; 5207 MB             ; 00:00:08                           ;
; Assembler                 ; 00:00:02     ; 1.0                     ; 4602 MB             ; 00:00:01                           ;
; TimeQuest Timing Analyzer ; 00:00:03     ; 1.0                     ; 4671 MB             ; 00:00:03                           ;
; EDA Netlist Writer        ; 00:00:01     ; 1.0                     ; 4558 MB             ; 00:00:01                           ;
; Analysis & Synthesis      ; 00:00:10     ; 1.4                     ; 4718 MB             ; 00:00:13                           ;
; Partition Merge           ; 00:00:01     ; 1.0                     ; 4660 MB             ; 00:00:01                           ;
; Fitter                    ; 00:00:08     ; 1.4                     ; 5214 MB             ; 00:00:09                           ;
; Assembler                 ; 00:00:01     ; 1.0                     ; 4602 MB             ; 00:00:01                           ;
; TimeQuest Timing Analyzer ; 00:00:02     ; 1.5                     ; 4673 MB             ; 00:00:03                           ;
; EDA Netlist Writer        ; 00:00:01     ; 1.0                     ; 4558 MB             ; 00:00:01                           ;
; Analysis & Synthesis      ; 00:00:10     ; 1.3                     ; 4722 MB             ; 00:00:12                           ;
; Partition Merge           ; 00:00:01     ; 1.0                     ; 4658 MB             ; 00:00:01                           ;
; Fitter                    ; 00:00:08     ; 1.4                     ; 5207 MB             ; 00:00:09                           ;
; Assembler                 ; 00:00:02     ; 1.0                     ; 4606 MB             ; 00:00:01                           ;
; TimeQuest Timing Analyzer ; 00:00:03     ; 1.0                     ; 4686 MB             ; 00:00:03                           ;
; EDA Netlist Writer        ; 00:00:01     ; 1.0                     ; 4558 MB             ; 00:00:01                           ;
; Analysis & Synthesis      ; 00:00:02     ; 1.0                     ; 4612 MB             ; 00:00:02                           ;
; Analysis & Synthesis      ; 00:00:10     ; 1.4                     ; 4721 MB             ; 00:00:13                           ;
; Analysis & Synthesis      ; 00:00:05     ; 1.0                     ; 4705 MB             ; 00:00:05                           ;
; Partition Merge           ; 00:00:01     ; 1.0                     ; 4659 MB             ; 00:00:01                           ;
; Fitter                    ; 00:00:09     ; 1.1                     ; 5204 MB             ; 00:00:10                           ;
; Assembler                 ; 00:00:01     ; 1.0                     ; 4604 MB             ; 00:00:01                           ;
; TimeQuest Timing Analyzer ; 00:00:03     ; 1.0                     ; 4691 MB             ; 00:00:03                           ;
; EDA Netlist Writer        ; 00:00:01     ; 1.0                     ; 4558 MB             ; 00:00:01                           ;
; Analysis & Synthesis      ; 00:00:10     ; 1.4                     ; 4726 MB             ; 00:00:12                           ;
; Partition Merge           ; 00:00:01     ; 1.0                     ; 4658 MB             ; 00:00:01                           ;
; Fitter                    ; 00:00:10     ; 1.2                     ; 5209 MB             ; 00:00:10                           ;
; Assembler                 ; 00:00:01     ; 1.0                     ; 4604 MB             ; 00:00:01                           ;
; TimeQuest Timing Analyzer ; 00:00:03     ; 1.0                     ; 4691 MB             ; 00:00:03                           ;
; EDA Netlist Writer        ; 00:00:01     ; 1.0                     ; 4558 MB             ; 00:00:01                           ;
; Analysis & Synthesis      ; 00:00:10     ; 1.4                     ; 4718 MB             ; 00:00:12                           ;
; Partition Merge           ; 00:00:01     ; 1.0                     ; 4659 MB             ; 00:00:01                           ;
; Fitter                    ; 00:00:08     ; 1.3                     ; 5204 MB             ; 00:00:09                           ;
; Assembler                 ; 00:00:02     ; 1.0                     ; 4604 MB             ; 00:00:01                           ;
; TimeQuest Timing Analyzer ; 00:00:03     ; 1.0                     ; 4682 MB             ; 00:00:03                           ;
; EDA Netlist Writer        ; 00:00:01     ; 1.0                     ; 4558 MB             ; 00:00:01                           ;
; Analysis & Synthesis      ; 00:00:05     ; 1.0                     ; 4714 MB             ; 00:00:05                           ;
; Partition Merge           ; 00:00:01     ; 1.0                     ; 4663 MB             ; 00:00:01                           ;
; Fitter                    ; 00:00:08     ; 1.1                     ; 5209 MB             ; 00:00:08                           ;
; Assembler                 ; 00:00:01     ; 1.0                     ; 4604 MB             ; 00:00:01                           ;
; TimeQuest Timing Analyzer ; 00:00:02     ; 1.0                     ; 4673 MB             ; 00:00:03                           ;
; EDA Netlist Writer        ; 00:00:01     ; 1.0                     ; 4558 MB             ; 00:00:01                           ;
; EDA Netlist Writer        ; 00:00:01     ; 1.0                     ; 4574 MB             ; 00:00:01                           ;
; EDA Netlist Writer        ; 00:00:00     ; 1.0                     ; 4574 MB             ; 00:00:01                           ;
; Analysis & Synthesis      ; 00:00:17     ; 1.0                     ; 4706 MB             ; 00:00:10                           ;
; Partition Merge           ; 00:00:02     ; 1.0                     ; 4663 MB             ; 00:00:02                           ;
; Fitter                    ; 00:00:14     ; 1.0                     ; 5216 MB             ; 00:00:13                           ;
; Assembler                 ; 00:00:01     ; 1.0                     ; 4604 MB             ; 00:00:01                           ;
; TimeQuest Timing Analyzer ; 00:00:03     ; 1.0                     ; 4676 MB             ; 00:00:03                           ;
; EDA Netlist Writer        ; 00:00:01     ; 1.0                     ; 4558 MB             ; 00:00:01                           ;
; EDA Netlist Writer        ; 00:00:00     ; 1.0                     ; 4576 MB             ; 00:00:01                           ;
; EDA Netlist Writer        ; 00:00:01     ; 1.0                     ; 4573 MB             ; 00:00:01                           ;
; EDA Netlist Writer        ; 00:00:00     ; 1.0                     ; 4573 MB             ; 00:00:01                           ;
; EDA Netlist Writer        ; 00:00:01     ; 1.0                     ; 4576 MB             ; 00:00:01                           ;
; Total                     ; 00:03:50     ; --                      ; --                  ; 00:04:02                           ;
+---------------------------+--------------+-------------------------+---------------------+------------------------------------+


+----------------------------------------------------------------------------------------+
; Flow OS Summary                                                                        ;
+---------------------------+------------------+-----------+------------+----------------+
; Module Name               ; Machine Hostname ; OS Name   ; OS Version ; Processor type ;
+---------------------------+------------------+-----------+------------+----------------+
; Analysis & Synthesis      ; Surface-Pro      ; Windows 7 ; 6.2        ; x86_64         ;
; Fitter                    ; Surface-Pro      ; Windows 7 ; 6.2        ; x86_64         ;
; Assembler                 ; Surface-Pro      ; Windows 7 ; 6.2        ; x86_64         ;
; TimeQuest Timing Analyzer ; Surface-Pro      ; Windows 7 ; 6.2        ; x86_64         ;
; EDA Netlist Writer        ; Surface-Pro      ; Windows 7 ; 6.2        ; x86_64         ;
; Analysis & Synthesis      ; Surface-Pro      ; Windows 7 ; 6.2        ; x86_64         ;
; Partition Merge           ; Surface-Pro      ; Windows 7 ; 6.2        ; x86_64         ;
; Fitter                    ; Surface-Pro      ; Windows 7 ; 6.2        ; x86_64         ;
; Assembler                 ; Surface-Pro      ; Windows 7 ; 6.2        ; x86_64         ;
; TimeQuest Timing Analyzer ; Surface-Pro      ; Windows 7 ; 6.2        ; x86_64         ;
; EDA Netlist Writer        ; Surface-Pro      ; Windows 7 ; 6.2        ; x86_64         ;
; Analysis & Synthesis      ; Surface-Pro      ; Windows 7 ; 6.2        ; x86_64         ;
; Partition Merge           ; Surface-Pro      ; Windows 7 ; 6.2        ; x86_64         ;
; Fitter                    ; Surface-Pro      ; Windows 7 ; 6.2        ; x86_64         ;
; Assembler                 ; Surface-Pro      ; Windows 7 ; 6.2        ; x86_64         ;
; TimeQuest Timing Analyzer ; Surface-Pro      ; Windows 7 ; 6.2        ; x86_64         ;
; EDA Netlist Writer        ; Surface-Pro      ; Windows 7 ; 6.2        ; x86_64         ;
; Analysis & Synthesis      ; Surface-Pro      ; Windows 7 ; 6.2        ; x86_64         ;
; Partition Merge           ; Surface-Pro      ; Windows 7 ; 6.2        ; x86_64         ;
; Fitter                    ; Surface-Pro      ; Windows 7 ; 6.2        ; x86_64         ;
; Assembler                 ; Surface-Pro      ; Windows 7 ; 6.2        ; x86_64         ;
; TimeQuest Timing Analyzer ; Surface-Pro      ; Windows 7 ; 6.2        ; x86_64         ;
; EDA Netlist Writer        ; Surface-Pro      ; Windows 7 ; 6.2        ; x86_64         ;
; Analysis & Synthesis      ; Surface-Pro      ; Windows 7 ; 6.2        ; x86_64         ;
; Analysis & Synthesis      ; Surface-Pro      ; Windows 7 ; 6.2        ; x86_64         ;
; Analysis & Synthesis      ; Surface-Pro      ; Windows 7 ; 6.2        ; x86_64         ;
; Partition Merge           ; Surface-Pro      ; Windows 7 ; 6.2        ; x86_64         ;
; Fitter                    ; Surface-Pro      ; Windows 7 ; 6.2        ; x86_64         ;
; Assembler                 ; Surface-Pro      ; Windows 7 ; 6.2        ; x86_64         ;
; TimeQuest Timing Analyzer ; Surface-Pro      ; Windows 7 ; 6.2        ; x86_64         ;
; EDA Netlist Writer        ; Surface-Pro      ; Windows 7 ; 6.2        ; x86_64         ;
; Analysis & Synthesis      ; Surface-Pro      ; Windows 7 ; 6.2        ; x86_64         ;
; Partition Merge           ; Surface-Pro      ; Windows 7 ; 6.2        ; x86_64         ;
; Fitter                    ; Surface-Pro      ; Windows 7 ; 6.2        ; x86_64         ;
; Assembler                 ; Surface-Pro      ; Windows 7 ; 6.2        ; x86_64         ;
; TimeQuest Timing Analyzer ; Surface-Pro      ; Windows 7 ; 6.2        ; x86_64         ;
; EDA Netlist Writer        ; Surface-Pro      ; Windows 7 ; 6.2        ; x86_64         ;
; Analysis & Synthesis      ; Surface-Pro      ; Windows 7 ; 6.2        ; x86_64         ;
; Partition Merge           ; Surface-Pro      ; Windows 7 ; 6.2        ; x86_64         ;
; Fitter                    ; Surface-Pro      ; Windows 7 ; 6.2        ; x86_64         ;
; Assembler                 ; Surface-Pro      ; Windows 7 ; 6.2        ; x86_64         ;
; TimeQuest Timing Analyzer ; Surface-Pro      ; Windows 7 ; 6.2        ; x86_64         ;
; EDA Netlist Writer        ; Surface-Pro      ; Windows 7 ; 6.2        ; x86_64         ;
; Analysis & Synthesis      ; Surface-Pro      ; Windows 7 ; 6.2        ; x86_64         ;
; Partition Merge           ; Surface-Pro      ; Windows 7 ; 6.2        ; x86_64         ;
; Fitter                    ; Surface-Pro      ; Windows 7 ; 6.2        ; x86_64         ;
; Assembler                 ; Surface-Pro      ; Windows 7 ; 6.2        ; x86_64         ;
; TimeQuest Timing Analyzer ; Surface-Pro      ; Windows 7 ; 6.2        ; x86_64         ;
; EDA Netlist Writer        ; Surface-Pro      ; Windows 7 ; 6.2        ; x86_64         ;
; EDA Netlist Writer        ; Surface-Pro      ; Windows 7 ; 6.2        ; x86_64         ;
; EDA Netlist Writer        ; Surface-Pro      ; Windows 7 ; 6.2        ; x86_64         ;
; Analysis & Synthesis      ; Surface-Pro      ; Windows 7 ; 6.2        ; x86_64         ;
; Partition Merge           ; Surface-Pro      ; Windows 7 ; 6.2        ; x86_64         ;
; Fitter                    ; Surface-Pro      ; Windows 7 ; 6.2        ; x86_64         ;
; Assembler                 ; Surface-Pro      ; Windows 7 ; 6.2        ; x86_64         ;
; TimeQuest Timing Analyzer ; Surface-Pro      ; Windows 7 ; 6.2        ; x86_64         ;
; EDA Netlist Writer        ; Surface-Pro      ; Windows 7 ; 6.2        ; x86_64         ;
; EDA Netlist Writer        ; Surface-Pro      ; Windows 7 ; 6.2        ; x86_64         ;
; EDA Netlist Writer        ; Surface-Pro      ; Windows 7 ; 6.2        ; x86_64         ;
; EDA Netlist Writer        ; Surface-Pro      ; Windows 7 ; 6.2        ; x86_64         ;
; EDA Netlist Writer        ; Surface-Pro      ; Windows 7 ; 6.2        ; x86_64         ;
+---------------------------+------------------+-----------+------------+----------------+


------------
; Flow Log ;
------------
quartus_map --read_settings_files=on --write_settings_files=off cpu -c cpu
quartus_fit --read_settings_files=off --write_settings_files=off cpu -c cpu
quartus_asm --read_settings_files=off --write_settings_files=off cpu -c cpu
quartus_sta cpu -c cpu
quartus_eda --read_settings_files=off --write_settings_files=off cpu -c cpu
quartus_map --read_settings_files=on --write_settings_files=off cpu -c cpu
quartus_cdb --read_settings_files=off --write_settings_files=off cpu -c cpu --merge=on
quartus_fit --read_settings_files=off --write_settings_files=off cpu -c cpu
quartus_asm --read_settings_files=off --write_settings_files=off cpu -c cpu
quartus_sta cpu -c cpu
quartus_eda --read_settings_files=off --write_settings_files=off cpu -c cpu
quartus_map --read_settings_files=on --write_settings_files=off cpu -c cpu
quartus_cdb --read_settings_files=off --write_settings_files=off cpu -c cpu --merge=on
quartus_fit --read_settings_files=off --write_settings_files=off cpu -c cpu
quartus_asm --read_settings_files=off --write_settings_files=off cpu -c cpu
quartus_sta cpu -c cpu
quartus_eda --read_settings_files=off --write_settings_files=off cpu -c cpu
quartus_map --read_settings_files=on --write_settings_files=off cpu -c cpu
quartus_cdb --read_settings_files=off --write_settings_files=off cpu -c cpu --merge=on
quartus_fit --read_settings_files=off --write_settings_files=off cpu -c cpu
quartus_asm --read_settings_files=off --write_settings_files=off cpu -c cpu
quartus_sta cpu -c cpu
quartus_eda --read_settings_files=off --write_settings_files=off cpu -c cpu
quartus_map --read_settings_files=on --write_settings_files=off cpu -c cpu
quartus_map --read_settings_files=on --write_settings_files=off cpu -c cpu
quartus_map --read_settings_files=on --write_settings_files=off cpu -c cpu
quartus_cdb --read_settings_files=off --write_settings_files=off cpu -c cpu --merge=on
quartus_fit --read_settings_files=off --write_settings_files=off cpu -c cpu
quartus_asm --read_settings_files=off --write_settings_files=off cpu -c cpu
quartus_sta cpu -c cpu
quartus_eda --read_settings_files=off --write_settings_files=off cpu -c cpu
quartus_map --read_settings_files=on --write_settings_files=off cpu -c cpu
quartus_cdb --read_settings_files=off --write_settings_files=off cpu -c cpu --merge=on
quartus_fit --read_settings_files=off --write_settings_files=off cpu -c cpu
quartus_asm --read_settings_files=off --write_settings_files=off cpu -c cpu
quartus_sta cpu -c cpu
quartus_eda --read_settings_files=off --write_settings_files=off cpu -c cpu
quartus_map --read_settings_files=on --write_settings_files=off cpu -c cpu
quartus_cdb --read_settings_files=off --write_settings_files=off cpu -c cpu --merge=on
quartus_fit --read_settings_files=off --write_settings_files=off cpu -c cpu
quartus_asm --read_settings_files=off --write_settings_files=off cpu -c cpu
quartus_sta cpu -c cpu
quartus_eda --read_settings_files=off --write_settings_files=off cpu -c cpu
quartus_map --read_settings_files=on --write_settings_files=off cpu -c cpu
quartus_cdb --read_settings_files=off --write_settings_files=off cpu -c cpu --merge=on
quartus_fit --read_settings_files=off --write_settings_files=off cpu -c cpu
quartus_asm --read_settings_files=off --write_settings_files=off cpu -c cpu
quartus_sta cpu -c cpu
quartus_eda --read_settings_files=off --write_settings_files=off cpu -c cpu
quartus_eda --gen_testbench --check_outputs=on --tool=modelsim_oem --format=verilog cpu -c cpu --vector_source=D:/GitHub/quartus/t3/output_files/Waveform2.vwf --testbench_file=D:/GitHub/quartus/t3/simulation/qsim/Waveform2.vwf.vt
quartus_eda --gen_testbench --check_outputs=on --tool=modelsim_oem --format=verilog cpu -c cpu --vector_source=D:/GitHub/quartus/t3/output_files/Waveform2.vwf --testbench_file=D:/GitHub/quartus/t3/simulation/qsim/Waveform2.vwf.vt
quartus_map --read_settings_files=on --write_settings_files=off cpu -c cpu
quartus_cdb --read_settings_files=off --write_settings_files=off cpu -c cpu --merge=on
quartus_fit --read_settings_files=off --write_settings_files=off cpu -c cpu
quartus_asm --read_settings_files=off --write_settings_files=off cpu -c cpu
quartus_sta cpu -c cpu
quartus_eda --read_settings_files=off --write_settings_files=off cpu -c cpu
quartus_eda --gen_testbench --check_outputs=on --tool=modelsim_oem --format=verilog cpu -c cpu --vector_source=D:/GitHub/quartus/t3/output_files/Waveform2.vwf --testbench_file=D:/GitHub/quartus/t3/simulation/qsim/Waveform2.vwf.vt
quartus_eda --gen_testbench --check_outputs=on --tool=modelsim_oem --format=verilog cpu -c cpu --vector_source=D:/GitHub/quartus/t3/Waveform3.vwf --testbench_file=D:/GitHub/quartus/t3/simulation/qsim/Waveform3.vwf.vt
quartus_eda --gen_testbench --check_outputs=on --tool=modelsim_oem --format=verilog cpu -c cpu --vector_source=D:/GitHub/quartus/t3/Waveform3.vwf --testbench_file=D:/GitHub/quartus/t3/simulation/qsim/Waveform3.vwf.vt
quartus_eda --gen_testbench --check_outputs=on --tool=modelsim_oem --format=verilog cpu -c cpu --vector_source=D:/GitHub/quartus/t3/output_files/Waveform2.vwf --testbench_file=D:/GitHub/quartus/t3/simulation/qsim/Waveform2.vwf.vt



